<?xml version="1.0" encoding="UTF-8"?>
<!-- Generated by org.testng.reporters.JUnitReportReporter -->
<testsuite hostname="DESKTOP-JG0N5M8" failures="0" tests="3" name="com.tekparams.actiondriver.ActonDriver" time="18.995" errors="0" timestamp="2022-09-05T09:18:15 IST" skipped="0">
  <testcase classname="com.tekparams.actiondriver.ActonDriver" name="closeApplication" time="0.303"/>
  <system-out/>
  <testcase classname="com.tekparams.actiondriver.ActonDriver" name="openApplication" time="15.413"/>
  <system-out/>
  <testcase classname="com.tekparams.actiondriver.ActonDriver" name="loginToApplication" time="3.279"/>
  <system-out/>
</testsuite> <!-- com.tekparams.actiondriver.ActonDriver -->
